<?xml version="1.0" encoding="UTF-8"?>
<testsuite xmlns:xsi="http://www.w3.org/2001/XMLSchema-instance" xsi:noNamespaceSchemaLocation="https://maven.apache.org/surefire/maven-surefire-plugin/xsd/surefire-test-report.xsd" name="com.castiel.AppTest" time="0.021" tests="1" errors="0" skipped="0" failures="0">
  <properties>
    <property name="sun.desktop" value="windows"/>
    <property name="awt.toolkit" value="sun.awt.windows.WToolkit"/>
    <property name="file.encoding.pkg" value="sun.io"/>
    <property name="java.specification.version" value="1.8"/>
    <property name="sun.cpu.isalist" value="amd64"/>
    <property name="sun.jnu.encoding" value="GBK"/>
    <property name="java.class.path" value="D:\Projects\IdeaProjects\OpenFireEncryptor\target\test-classes;D:\Projects\IdeaProjects\OpenFireEncryptor\target\classes;D:\Projects\mvnrepository\junit\junit\4.11\junit-4.11.jar;D:\Projects\mvnrepository\org\hamcrest\hamcrest-core\1.3\hamcrest-core-1.3.jar;D:\Projects\mvnrepository\commons-cli\commons-cli\1.2\commons-cli-1.2.jar;D:\Projects\mvnrepository\org\bouncycastle\bcprov-jdk15on\1.55\bcprov-jdk15on-1.55.jar;D:\Projects\IdeaProjects\OpenFireEncryptor\src\lib\openfire.jar;"/>
    <property name="java.vm.vendor" value="Oracle Corporation"/>
    <property name="sun.arch.data.model" value="64"/>
    <property name="user.variant" value=""/>
    <property name="java.vendor.url" value="http://java.oracle.com/"/>
    <property name="user.timezone" value="Asia/Shanghai"/>
    <property name="java.vm.specification.version" value="1.8"/>
    <property name="os.name" value="Windows 10"/>
    <property name="user.country" value="CN"/>
    <property name="sun.java.launcher" value="SUN_STANDARD"/>
    <property name="sun.boot.library.path" value="D:\Program Files\Java\jdk1.8.0_231\jre\bin"/>
    <property name="sun.java.command" value="C:\Users\Castiel\AppData\Local\Temp\surefire487761752655413924\surefirebooter5623064207139141453.jar C:\Users\Castiel\AppData\Local\Temp\surefire487761752655413924 2020-08-31T16-17-18_882-jvmRun1 surefire7744237675815057619tmp surefire_04521610393907872834tmp"/>
    <property name="surefire.test.class.path" value="D:\Projects\IdeaProjects\OpenFireEncryptor\target\test-classes;D:\Projects\IdeaProjects\OpenFireEncryptor\target\classes;D:\Projects\mvnrepository\junit\junit\4.11\junit-4.11.jar;D:\Projects\mvnrepository\org\hamcrest\hamcrest-core\1.3\hamcrest-core-1.3.jar;D:\Projects\mvnrepository\commons-cli\commons-cli\1.2\commons-cli-1.2.jar;D:\Projects\mvnrepository\org\bouncycastle\bcprov-jdk15on\1.55\bcprov-jdk15on-1.55.jar;D:\Projects\IdeaProjects\OpenFireEncryptor\src\lib\openfire.jar;"/>
    <property name="sun.cpu.endian" value="little"/>
    <property name="user.home" value="C:\Users\Castiel"/>
    <property name="user.language" value="zh"/>
    <property name="java.specification.vendor" value="Oracle Corporation"/>
    <property name="java.home" value="D:\Program Files\Java\jdk1.8.0_231\jre"/>
    <property name="basedir" value="D:\Projects\IdeaProjects\OpenFireEncryptor"/>
    <property name="file.separator" value="\"/>
    <property name="line.separator" value="&#10;"/>
    <property name="java.vm.specification.vendor" value="Oracle Corporation"/>
    <property name="java.specification.name" value="Java Platform API Specification"/>
    <property name="java.awt.graphicsenv" value="sun.awt.Win32GraphicsEnvironment"/>
    <property name="surefire.real.class.path" value="C:\Users\Castiel\AppData\Local\Temp\surefire487761752655413924\surefirebooter5623064207139141453.jar"/>
    <property name="sun.boot.class.path" value="D:\Program Files\Java\jdk1.8.0_231\jre\lib\resources.jar;D:\Program Files\Java\jdk1.8.0_231\jre\lib\rt.jar;D:\Program Files\Java\jdk1.8.0_231\jre\lib\sunrsasign.jar;D:\Program Files\Java\jdk1.8.0_231\jre\lib\jsse.jar;D:\Program Files\Java\jdk1.8.0_231\jre\lib\jce.jar;D:\Program Files\Java\jdk1.8.0_231\jre\lib\charsets.jar;D:\Program Files\Java\jdk1.8.0_231\jre\lib\jfr.jar;D:\Program Files\Java\jdk1.8.0_231\jre\classes"/>
    <property name="user.script" value=""/>
    <property name="sun.management.compiler" value="HotSpot 64-Bit Tiered Compilers"/>
    <property name="java.runtime.version" value="1.8.0_231-b11"/>
    <property name="user.name" value="Castiel"/>
    <property name="path.separator" value=";"/>
    <property name="os.version" value="10.0"/>
    <property name="java.endorsed.dirs" value="D:\Program Files\Java\jdk1.8.0_231\jre\lib\endorsed"/>
    <property name="java.runtime.name" value="Java(TM) SE Runtime Environment"/>
    <property name="file.encoding" value="GBK"/>
    <property name="java.vm.name" value="Java HotSpot(TM) 64-Bit Server VM"/>
    <property name="localRepository" value="D:\Projects\mvnrepository"/>
    <property name="java.vendor.url.bug" value="http://bugreport.sun.com/bugreport/"/>
    <property name="java.io.tmpdir" value="C:\Users\Castiel\AppData\Local\Temp\"/>
    <property name="idea.version" value="2020.2"/>
    <property name="java.version" value="1.8.0_231"/>
    <property name="user.dir" value="D:\Projects\IdeaProjects\OpenFireEncryptor"/>
    <property name="os.arch" value="amd64"/>
    <property name="java.vm.specification.name" value="Java Virtual Machine Specification"/>
    <property name="java.awt.printerjob" value="sun.awt.windows.WPrinterJob"/>
    <property name="sun.os.patch.level" value=""/>
    <property name="java.library.path" value="D:\Program Files\Java\jdk1.8.0_231\jre\bin;C:\Windows\Sun\Java\bin;C:\Windows\system32;C:\Windows;D:\Program Files\Fortify\Fortify_SCA_and_Apps_19.1.0\bin;D:\Program Files (x86)\NetSarang\Xshell 6\;D:\Program Files (x86)\NetSarang\Xftp 6\;C:\Program Files (x86)\Common Files\Oracle\Java\javapath;C:\Windows\system32;C:\Windows;C:\Windows\System32\Wbem;C:\Windows\System32\WindowsPowerShell\v1.0\;C:\Windows\System32\OpenSSH\;C:\Program Files (x86)\NVIDIA Corporation\PhysX\Common;C:\Program Files\NVIDIA Corporation\NVIDIA NvDLISR;C:\Program Files\Intel\WiFi\bin\;C:\Program Files\Common Files\Intel\WirelessCommon\;D:\Soft\mysql-5.7.28-winx64\bin\;D:\Program Files\Git\cmd;D:\Program Files\Python\Python38;D:\Soft\apache-maven-3.6.3\bin;C:\Program Files\dotnet\;C:\Program Files\Microsoft SQL Server\130\Tools\Binn\;C:\Program Files\Microsoft SQL Server\Client SDK\ODBC\170\Tools\Binn\;C:\Program Files\SourceGear\Common\DiffMerge\;D:\Program Files\nodejs\;C:\MinGW\bin\;D:\Program Files\Java\jdk1.8.0_231\bin;C:\Windows\Microsoft.NET\Framework\v4.0.30319;C:\Users\Castiel\.cargo\bin;C:\Users\Castiel\AppData\Local\Microsoft\WindowsApps;D:\Program Files\Microsoft VS Code\bin;D:\Program Files\JetBrains\IntelliJ IDEA 2019.3.2\bin;D:\Program Files\JetBrains\IntelliJ IDEA Community Edition 2019.3.1\bin;D:\Program Files (x86)\Nmap;D:\Soft\BIND9.16.0.x64\;C:\Users\Castiel\AppData\Local\atom\bin;C:\Users\Castiel\AppData\Local\atom\bin;D:\Soft\sqlmap;D:\Program Files\Python\Python27;D:\Program Files\Python\Python38;D:\Soft\PHP\php-7.2.20-Win32-VC15-x64;D:\Program Files\Python\Python27\Scripts;D:\Program Files\Python\Python38\Scripts;C:\Users\Castiel\AppData\Roaming\npm;;D:\Program Files\JetBrains\IntelliJ IDEA 2020.2\bin;;."/>
    <property name="java.vm.info" value="mixed mode"/>
    <property name="java.vendor" value="Oracle Corporation"/>
    <property name="java.vm.version" value="25.231-b11"/>
    <property name="java.ext.dirs" value="D:\Program Files\Java\jdk1.8.0_231\jre\lib\ext;C:\Windows\Sun\Java\lib\ext"/>
    <property name="sun.io.unicode.encoding" value="UnicodeLittle"/>
    <property name="java.class.version" value="52.0"/>
  </properties>
  <testcase name="shouldAnswerWithTrue" classname="com.castiel.AppTest" time="0.001"/>
</testsuite>